Analysis & Synthesis report for UnidadProcesadora
Thu Sep 21 20:31:35 2023
Quartus Prime Version 19.1.0 Build 670 09/22/2019 SJ Lite Edition


---------------------
; Table of Contents ;
---------------------
  1. Legal Notice
  2. Analysis & Synthesis Summary
  3. Analysis & Synthesis Settings
  4. Parallel Compilation
  5. Analysis & Synthesis Source Files Read
  6. Analysis & Synthesis Resource Usage Summary
  7. Analysis & Synthesis Resource Utilization by Entity
  8. Registers Removed During Synthesis
  9. General Register Statistics
 10. Parameter Settings for User Entity Instance: Top-level Entity: |UnidadProcesadora
 11. Parameter Settings for User Entity Instance: Alu:alu_instancia
 12. Parameter Settings for User Entity Instance: Shifter:shifter_instancia
 13. Parameter Settings for User Entity Instance: RamPort:ram_instancia
 14. Port Connectivity Checks: "RamPort:ram_instancia"
 15. Port Connectivity Checks: "Shifter:shifter_instancia"
 16. Port Connectivity Checks: "Alu:alu_instancia"
 17. Post-Synthesis Netlist Statistics for Top Partition
 18. Elapsed Time Per Partition
 19. Analysis & Synthesis Messages



----------------
; Legal Notice ;
----------------
Copyright (C) 2019  Intel Corporation. All rights reserved.
Your use of Intel Corporation's design tools, logic functions 
and other software and tools, and any partner logic 
functions, and any output files from any of the foregoing 
(including device programming or simulation files), and any 
associated documentation or information are expressly subject 
to the terms and conditions of the Intel Program License 
Subscription Agreement, the Intel Quartus Prime License Agreement,
the Intel FPGA IP License Agreement, or other applicable license
agreement, including, without limitation, that your use is for
the sole purpose of programming logic devices manufactured by
Intel and sold by Intel or its authorized distributors.  Please
refer to the applicable agreement for further details, at
https://fpgasoftware.intel.com/eula.



+----------------------------------------------------------------------------------+
; Analysis & Synthesis Summary                                                     ;
+------------------------------------+---------------------------------------------+
; Analysis & Synthesis Status        ; Successful - Thu Sep 21 20:31:35 2023       ;
; Quartus Prime Version              ; 19.1.0 Build 670 09/22/2019 SJ Lite Edition ;
; Revision Name                      ; UnidadProcesadora                           ;
; Top-level Entity Name              ; UnidadProcesadora                           ;
; Family                             ; Cyclone IV E                                ;
; Total logic elements               ; 46                                          ;
;     Total combinational functions  ; 46                                          ;
;     Dedicated logic registers      ; 16                                          ;
; Total registers                    ; 16                                          ;
; Total pins                         ; 29                                          ;
; Total virtual pins                 ; 0                                           ;
; Total memory bits                  ; 0                                           ;
; Embedded Multiplier 9-bit elements ; 0                                           ;
; Total PLLs                         ; 0                                           ;
+------------------------------------+---------------------------------------------+


+------------------------------------------------------------------------------------------------------------+
; Analysis & Synthesis Settings                                                                              ;
+------------------------------------------------------------------+--------------------+--------------------+
; Option                                                           ; Setting            ; Default Value      ;
+------------------------------------------------------------------+--------------------+--------------------+
; Device                                                           ; EP4CE22F17C6       ;                    ;
; Top-level entity name                                            ; UnidadProcesadora  ; UnidadProcesadora  ;
; Family name                                                      ; Cyclone IV E       ; Cyclone V          ;
; Use smart compilation                                            ; Off                ; Off                ;
; Enable parallel Assembler and Timing Analyzer during compilation ; On                 ; On                 ;
; Enable compact report table                                      ; Off                ; Off                ;
; Restructure Multiplexers                                         ; Auto               ; Auto               ;
; Create Debugging Nodes for IP Cores                              ; Off                ; Off                ;
; Preserve fewer node names                                        ; On                 ; On                 ;
; Intel FPGA IP Evaluation Mode                                    ; Enable             ; Enable             ;
; Verilog Version                                                  ; Verilog_2001       ; Verilog_2001       ;
; VHDL Version                                                     ; VHDL_1993          ; VHDL_1993          ;
; State Machine Processing                                         ; Auto               ; Auto               ;
; Safe State Machine                                               ; Off                ; Off                ;
; Extract Verilog State Machines                                   ; On                 ; On                 ;
; Extract VHDL State Machines                                      ; On                 ; On                 ;
; Ignore Verilog initial constructs                                ; Off                ; Off                ;
; Iteration limit for constant Verilog loops                       ; 5000               ; 5000               ;
; Iteration limit for non-constant Verilog loops                   ; 250                ; 250                ;
; Add Pass-Through Logic to Inferred RAMs                          ; On                 ; On                 ;
; Infer RAMs from Raw Logic                                        ; On                 ; On                 ;
; Parallel Synthesis                                               ; On                 ; On                 ;
; DSP Block Balancing                                              ; Auto               ; Auto               ;
; NOT Gate Push-Back                                               ; On                 ; On                 ;
; Power-Up Don't Care                                              ; On                 ; On                 ;
; Remove Redundant Logic Cells                                     ; Off                ; Off                ;
; Remove Duplicate Registers                                       ; On                 ; On                 ;
; Ignore CARRY Buffers                                             ; Off                ; Off                ;
; Ignore CASCADE Buffers                                           ; Off                ; Off                ;
; Ignore GLOBAL Buffers                                            ; Off                ; Off                ;
; Ignore ROW GLOBAL Buffers                                        ; Off                ; Off                ;
; Ignore LCELL Buffers                                             ; Off                ; Off                ;
; Ignore SOFT Buffers                                              ; On                 ; On                 ;
; Limit AHDL Integers to 32 Bits                                   ; Off                ; Off                ;
; Optimization Technique                                           ; Balanced           ; Balanced           ;
; Carry Chain Length                                               ; 70                 ; 70                 ;
; Auto Carry Chains                                                ; On                 ; On                 ;
; Auto Open-Drain Pins                                             ; On                 ; On                 ;
; Perform WYSIWYG Primitive Resynthesis                            ; Off                ; Off                ;
; Auto ROM Replacement                                             ; On                 ; On                 ;
; Auto RAM Replacement                                             ; On                 ; On                 ;
; Auto DSP Block Replacement                                       ; On                 ; On                 ;
; Auto Shift Register Replacement                                  ; Auto               ; Auto               ;
; Allow Shift Register Merging across Hierarchies                  ; Auto               ; Auto               ;
; Auto Clock Enable Replacement                                    ; On                 ; On                 ;
; Strict RAM Replacement                                           ; Off                ; Off                ;
; Allow Synchronous Control Signals                                ; On                 ; On                 ;
; Force Use of Synchronous Clear Signals                           ; Off                ; Off                ;
; Auto RAM Block Balancing                                         ; On                 ; On                 ;
; Auto RAM to Logic Cell Conversion                                ; Off                ; Off                ;
; Auto Resource Sharing                                            ; Off                ; Off                ;
; Allow Any RAM Size For Recognition                               ; Off                ; Off                ;
; Allow Any ROM Size For Recognition                               ; Off                ; Off                ;
; Allow Any Shift Register Size For Recognition                    ; Off                ; Off                ;
; Use LogicLock Constraints during Resource Balancing              ; On                 ; On                 ;
; Ignore translate_off and synthesis_off directives                ; Off                ; Off                ;
; Timing-Driven Synthesis                                          ; On                 ; On                 ;
; Report Parameter Settings                                        ; On                 ; On                 ;
; Report Source Assignments                                        ; On                 ; On                 ;
; Report Connectivity Checks                                       ; On                 ; On                 ;
; Ignore Maximum Fan-Out Assignments                               ; Off                ; Off                ;
; Synchronization Register Chain Length                            ; 2                  ; 2                  ;
; Power Optimization During Synthesis                              ; Normal compilation ; Normal compilation ;
; HDL message level                                                ; Level2             ; Level2             ;
; Suppress Register Optimization Related Messages                  ; Off                ; Off                ;
; Number of Removed Registers Reported in Synthesis Report         ; 5000               ; 5000               ;
; Number of Swept Nodes Reported in Synthesis Report               ; 5000               ; 5000               ;
; Number of Inverted Registers Reported in Synthesis Report        ; 100                ; 100                ;
; Clock MUX Protection                                             ; On                 ; On                 ;
; Auto Gated Clock Conversion                                      ; Off                ; Off                ;
; Block Design Naming                                              ; Auto               ; Auto               ;
; SDC constraint protection                                        ; Off                ; Off                ;
; Synthesis Effort                                                 ; Auto               ; Auto               ;
; Shift Register Replacement - Allow Asynchronous Clear Signal     ; On                 ; On                 ;
; Pre-Mapping Resynthesis Optimization                             ; Off                ; Off                ;
; Analysis & Synthesis Message Level                               ; Medium             ; Medium             ;
; Disable Register Merging Across Hierarchies                      ; Auto               ; Auto               ;
; Resource Aware Inference For Block RAM                           ; On                 ; On                 ;
+------------------------------------------------------------------+--------------------+--------------------+


+------------------------------------------+
; Parallel Compilation                     ;
+----------------------------+-------------+
; Processors                 ; Number      ;
+----------------------------+-------------+
; Number detected on machine ; 8           ;
; Maximum allowed            ; 8           ;
;                            ;             ;
; Average used               ; 1.00        ;
; Maximum used               ; 8           ;
;                            ;             ;
; Usage by Processor         ; % Time Used ;
;     Processor 1            ; 100.0%      ;
;     Processors 2-8         ;   0.0%      ;
+----------------------------+-------------+


+--------------------------------------------------------------------------------------------------------------------------------------------------------------------------------------+
; Analysis & Synthesis Source Files Read                                                                                                                                               ;
+----------------------------------+-----------------+------------------------------+----------------------------------------------------------------------------------------+---------+
; File Name with User-Entered Path ; Used in Netlist ; File Type                    ; File Name with Absolute Path                                                           ; Library ;
+----------------------------------+-----------------+------------------------------+----------------------------------------------------------------------------------------+---------+
; UnidadProcesadora.sv             ; yes             ; User SystemVerilog HDL File  ; C:/Users/franc/OneDrive/Escritorio/Arquitectura/UnidadProcesadora/UnidadProcesadora.sv ;         ;
+----------------------------------+-----------------+------------------------------+----------------------------------------------------------------------------------------+---------+


+--------------------------------------------------------------------------------+
; Analysis & Synthesis Resource Usage Summary                                    ;
+---------------------------------------------+----------------------------------+
; Resource                                    ; Usage                            ;
+---------------------------------------------+----------------------------------+
; Estimated Total logic elements              ; 46                               ;
;                                             ;                                  ;
; Total combinational functions               ; 46                               ;
; Logic element usage by number of LUT inputs ;                                  ;
;     -- 4 input functions                    ; 45                               ;
;     -- 3 input functions                    ; 1                                ;
;     -- <=2 input functions                  ; 0                                ;
;                                             ;                                  ;
; Logic elements by mode                      ;                                  ;
;     -- normal mode                          ; 46                               ;
;     -- arithmetic mode                      ; 0                                ;
;                                             ;                                  ;
; Total registers                             ; 16                               ;
;     -- Dedicated logic registers            ; 16                               ;
;     -- I/O registers                        ; 0                                ;
;                                             ;                                  ;
; I/O pins                                    ; 29                               ;
;                                             ;                                  ;
; Embedded Multiplier 9-bit elements          ; 0                                ;
;                                             ;                                  ;
; Maximum fan-out node                        ; Shifter:shifter_instancia|Mux3~0 ;
; Maximum fan-out                             ; 16                               ;
; Total fan-out                               ; 247                              ;
; Average fan-out                             ; 2.06                             ;
+---------------------------------------------+----------------------------------+


+---------------------------------------------------------------------------------------------------------------------------------------------------------------------------------------------------------------------------------------------+
; Analysis & Synthesis Resource Utilization by Entity                                                                                                                                                                                         ;
+--------------------------------+---------------------+---------------------------+-------------+--------------+---------+-----------+------+--------------+----------------------------------------------+-------------------+--------------+
; Compilation Hierarchy Node     ; Combinational ALUTs ; Dedicated Logic Registers ; Memory Bits ; DSP Elements ; DSP 9x9 ; DSP 18x18 ; Pins ; Virtual Pins ; Full Hierarchy Name                          ; Entity Name       ; Library Name ;
+--------------------------------+---------------------+---------------------------+-------------+--------------+---------+-----------+------+--------------+----------------------------------------------+-------------------+--------------+
; |UnidadProcesadora             ; 46 (0)              ; 16 (0)                    ; 0           ; 0            ; 0       ; 0         ; 29   ; 0            ; |UnidadProcesadora                           ; UnidadProcesadora ; work         ;
;    |RamPort:ram_instancia|     ; 43 (43)             ; 16 (16)                   ; 0           ; 0            ; 0       ; 0         ; 0    ; 0            ; |UnidadProcesadora|RamPort:ram_instancia     ; RamPort           ; work         ;
;    |Shifter:shifter_instancia| ; 3 (3)               ; 0 (0)                     ; 0           ; 0            ; 0       ; 0         ; 0    ; 0            ; |UnidadProcesadora|Shifter:shifter_instancia ; Shifter           ; work         ;
+--------------------------------+---------------------+---------------------------+-------------+--------------+---------+-----------+------+--------------+----------------------------------------------+-------------------+--------------+
Note: For table entries with two numbers listed, the numbers in parentheses indicate the number of resources of the given type used by the specific entity alone. The numbers listed outside of parentheses indicate the total resources of the given type used by the specific entity and all of its sub-entities in the hierarchy.


+-------------------------------------------------------------+
; Registers Removed During Synthesis                          ;
+----------------------------------------+--------------------+
; Register name                          ; Reason for Removal ;
+----------------------------------------+--------------------+
; RamPort:ram_instancia|mem~1            ; Lost fanout        ;
; RamPort:ram_instancia|mem~2            ; Lost fanout        ;
; RamPort:ram_instancia|mem~3            ; Lost fanout        ;
; RamPort:ram_instancia|mem~5            ; Lost fanout        ;
; RamPort:ram_instancia|mem~6            ; Lost fanout        ;
; RamPort:ram_instancia|mem~7            ; Lost fanout        ;
; RamPort:ram_instancia|mem~9            ; Lost fanout        ;
; RamPort:ram_instancia|mem~10           ; Lost fanout        ;
; RamPort:ram_instancia|mem~11           ; Lost fanout        ;
; RamPort:ram_instancia|mem~13           ; Lost fanout        ;
; RamPort:ram_instancia|mem~14           ; Lost fanout        ;
; RamPort:ram_instancia|mem~15           ; Lost fanout        ;
; RamPort:ram_instancia|mem~17           ; Lost fanout        ;
; RamPort:ram_instancia|mem~18           ; Lost fanout        ;
; RamPort:ram_instancia|mem~19           ; Lost fanout        ;
; RamPort:ram_instancia|mem~21           ; Lost fanout        ;
; RamPort:ram_instancia|mem~22           ; Lost fanout        ;
; RamPort:ram_instancia|mem~23           ; Lost fanout        ;
; RamPort:ram_instancia|mem~25           ; Lost fanout        ;
; RamPort:ram_instancia|mem~26           ; Lost fanout        ;
; RamPort:ram_instancia|mem~27           ; Lost fanout        ;
; RamPort:ram_instancia|mem~29           ; Lost fanout        ;
; RamPort:ram_instancia|mem~30           ; Lost fanout        ;
; RamPort:ram_instancia|mem~31           ; Lost fanout        ;
; RamPort:ram_instancia|mem~33           ; Lost fanout        ;
; RamPort:ram_instancia|mem~34           ; Lost fanout        ;
; RamPort:ram_instancia|mem~35           ; Lost fanout        ;
; RamPort:ram_instancia|mem~37           ; Lost fanout        ;
; RamPort:ram_instancia|mem~38           ; Lost fanout        ;
; RamPort:ram_instancia|mem~39           ; Lost fanout        ;
; RamPort:ram_instancia|mem~41           ; Lost fanout        ;
; RamPort:ram_instancia|mem~42           ; Lost fanout        ;
; RamPort:ram_instancia|mem~43           ; Lost fanout        ;
; RamPort:ram_instancia|mem~45           ; Lost fanout        ;
; RamPort:ram_instancia|mem~46           ; Lost fanout        ;
; RamPort:ram_instancia|mem~47           ; Lost fanout        ;
; RamPort:ram_instancia|mem~49           ; Lost fanout        ;
; RamPort:ram_instancia|mem~50           ; Lost fanout        ;
; RamPort:ram_instancia|mem~51           ; Lost fanout        ;
; RamPort:ram_instancia|mem~53           ; Lost fanout        ;
; RamPort:ram_instancia|mem~54           ; Lost fanout        ;
; RamPort:ram_instancia|mem~55           ; Lost fanout        ;
; RamPort:ram_instancia|mem~57           ; Lost fanout        ;
; RamPort:ram_instancia|mem~58           ; Lost fanout        ;
; RamPort:ram_instancia|mem~59           ; Lost fanout        ;
; RamPort:ram_instancia|mem~61           ; Lost fanout        ;
; RamPort:ram_instancia|mem~62           ; Lost fanout        ;
; RamPort:ram_instancia|mem~63           ; Lost fanout        ;
; Total Number of Removed Registers = 48 ;                    ;
+----------------------------------------+--------------------+


+------------------------------------------------------+
; General Register Statistics                          ;
+----------------------------------------------+-------+
; Statistic                                    ; Value ;
+----------------------------------------------+-------+
; Total registers                              ; 16    ;
; Number of registers using Synchronous Clear  ; 0     ;
; Number of registers using Synchronous Load   ; 0     ;
; Number of registers using Asynchronous Clear ; 0     ;
; Number of registers using Asynchronous Load  ; 0     ;
; Number of registers using Clock Enable       ; 0     ;
; Number of registers using Preset             ; 0     ;
+----------------------------------------------+-------+


+-----------------------------------------------------------------------------------+
; Parameter Settings for User Entity Instance: Top-level Entity: |UnidadProcesadora ;
+----------------+-------+----------------------------------------------------------+
; Parameter Name ; Value ; Type                                                     ;
+----------------+-------+----------------------------------------------------------+
; N              ; 4     ; Signed Integer                                           ;
+----------------+-------+----------------------------------------------------------+
Note: In order to hide this table in the UI and the text report file, please set the "Show Parameter Settings in Synthesis Report" option in "Analysis and Synthesis Settings -> More Settings" to "Off".


+----------------------------------------------------------------+
; Parameter Settings for User Entity Instance: Alu:alu_instancia ;
+----------------+-------+---------------------------------------+
; Parameter Name ; Value ; Type                                  ;
+----------------+-------+---------------------------------------+
; N              ; 4     ; Signed Integer                        ;
+----------------+-------+---------------------------------------+
Note: In order to hide this table in the UI and the text report file, please set the "Show Parameter Settings in Synthesis Report" option in "Analysis and Synthesis Settings -> More Settings" to "Off".


+------------------------------------------------------------------------+
; Parameter Settings for User Entity Instance: Shifter:shifter_instancia ;
+----------------+-------+-----------------------------------------------+
; Parameter Name ; Value ; Type                                          ;
+----------------+-------+-----------------------------------------------+
; N              ; 4     ; Signed Integer                                ;
+----------------+-------+-----------------------------------------------+
Note: In order to hide this table in the UI and the text report file, please set the "Show Parameter Settings in Synthesis Report" option in "Analysis and Synthesis Settings -> More Settings" to "Off".


+--------------------------------------------------------------------+
; Parameter Settings for User Entity Instance: RamPort:ram_instancia ;
+----------------+-------+-------------------------------------------+
; Parameter Name ; Value ; Type                                      ;
+----------------+-------+-------------------------------------------+
; N              ; 4     ; Signed Integer                            ;
; M              ; 4     ; Signed Integer                            ;
+----------------+-------+-------------------------------------------+
Note: In order to hide this table in the UI and the text report file, please set the "Show Parameter Settings in Synthesis Report" option in "Analysis and Synthesis Settings -> More Settings" to "Off".


+--------------------------------------------------------------------------------------------------------------------------------------------------+
; Port Connectivity Checks: "RamPort:ram_instancia"                                                                                                ;
+------+--------+----------+-----------------------------------------------------------------------------------------------------------------------+
; Port ; Type   ; Severity ; Details                                                                                                               ;
+------+--------+----------+-----------------------------------------------------------------------------------------------------------------------+
; d1   ; Output ; Warning  ; Output or bidir port (4 bits) is wider than the port expression (1 bits) it drives; bit(s) "d1[3..1]" have no fanouts ;
; d2   ; Output ; Warning  ; Output or bidir port (4 bits) is wider than the port expression (1 bits) it drives; bit(s) "d2[3..1]" have no fanouts ;
+------+--------+----------+-----------------------------------------------------------------------------------------------------------------------+


+---------------------------------------------------------------------------------------------------------------------------------------------------------------------+
; Port Connectivity Checks: "Shifter:shifter_instancia"                                                                                                               ;
+------+-------+----------+-------------------------------------------------------------------------------------------------------------------------------------------+
; Port ; Type  ; Severity ; Details                                                                                                                                   ;
+------+-------+----------+-------------------------------------------------------------------------------------------------------------------------------------------+
; F    ; Input ; Warning  ; Input port expression (1 bits) is smaller than the input port (4 bits) it drives.  Extra input bit(s) "F[3..1]" will be connected to GND. ;
+------+-------+----------+-------------------------------------------------------------------------------------------------------------------------------------------+


+--------------------------------------------------------------------------------------------------------------------------------------------------------------------------+
; Port Connectivity Checks: "Alu:alu_instancia"                                                                                                                            ;
+----------+--------+----------+-------------------------------------------------------------------------------------------------------------------------------------------+
; Port     ; Type   ; Severity ; Details                                                                                                                                   ;
+----------+--------+----------+-------------------------------------------------------------------------------------------------------------------------------------------+
; a        ; Input  ; Warning  ; Input port expression (1 bits) is smaller than the input port (4 bits) it drives.  Extra input bit(s) "a[3..1]" will be connected to GND. ;
; b        ; Input  ; Warning  ; Input port expression (1 bits) is smaller than the input port (4 bits) it drives.  Extra input bit(s) "b[3..1]" will be connected to GND. ;
; Result   ; Output ; Warning  ; Output or bidir port (4 bits) is wider than the port expression (1 bits) it drives; bit(s) "Result[3..1]" have no fanouts                 ;
; Result   ; Output ; Info     ; Connected to dangling logic. Logic that only feeds a dangling port will be removed.                                                       ;
; ALUFlags ; Output ; Warning  ; Output or bidir port (4 bits) is wider than the port expression (1 bits) it drives; bit(s) "ALUFlags[3..1]" have no fanouts               ;
; ALUFlags ; Output ; Info     ; Connected to dangling logic. Logic that only feeds a dangling port will be removed.                                                       ;
+----------+--------+----------+-------------------------------------------------------------------------------------------------------------------------------------------+


+-----------------------------------------------------+
; Post-Synthesis Netlist Statistics for Top Partition ;
+-----------------------+-----------------------------+
; Type                  ; Count                       ;
+-----------------------+-----------------------------+
; boundary_port         ; 29                          ;
; cycloneiii_ff         ; 16                          ;
;     plain             ; 16                          ;
; cycloneiii_lcell_comb ; 47                          ;
;     normal            ; 47                          ;
;         0 data inputs ; 1                           ;
;         3 data inputs ; 1                           ;
;         4 data inputs ; 45                          ;
;                       ;                             ;
; Max LUT depth         ; 6.00                        ;
; Average LUT depth     ; 4.22                        ;
+-----------------------+-----------------------------+


+-------------------------------+
; Elapsed Time Per Partition    ;
+----------------+--------------+
; Partition Name ; Elapsed Time ;
+----------------+--------------+
; Top            ; 00:00:00     ;
+----------------+--------------+


+-------------------------------+
; Analysis & Synthesis Messages ;
+-------------------------------+
Info: *******************************************************************
Info: Running Quartus Prime Analysis & Synthesis
    Info: Version 19.1.0 Build 670 09/22/2019 SJ Lite Edition
    Info: Processing started: Thu Sep 21 20:31:22 2023
Info: Command: quartus_map --read_settings_files=on --write_settings_files=off UnidadProcesadora -c UnidadProcesadora
Warning (18236): Number of processors has not been specified which may cause overloading on shared machines.  Set the global assignment NUM_PARALLEL_PROCESSORS in your QSF to an appropriate value for best performance.
Info (20030): Parallel compilation is enabled and will use 8 of the 8 processors detected
Warning (10275): Verilog HDL Module Instantiation warning at UnidadProcesadora.sv(31): ignored dangling comma in List of Port Connections File: C:/Users/franc/OneDrive/Escritorio/Arquitectura/UnidadProcesadora/UnidadProcesadora.sv Line: 31
Info (12021): Found 4 design units, including 4 entities, in source file unidadprocesadora.sv
    Info (12023): Found entity 1: UnidadProcesadora File: C:/Users/franc/OneDrive/Escritorio/Arquitectura/UnidadProcesadora/UnidadProcesadora.sv Line: 1
    Info (12023): Found entity 2: RamPort File: C:/Users/franc/OneDrive/Escritorio/Arquitectura/UnidadProcesadora/UnidadProcesadora.sv Line: 34
    Info (12023): Found entity 3: Shifter File: C:/Users/franc/OneDrive/Escritorio/Arquitectura/UnidadProcesadora/UnidadProcesadora.sv Line: 50
    Info (12023): Found entity 4: Alu File: C:/Users/franc/OneDrive/Escritorio/Arquitectura/UnidadProcesadora/UnidadProcesadora.sv Line: 68
Warning (10236): Verilog HDL Implicit Net warning at UnidadProcesadora.sv(9): created implicit net for "busA" File: C:/Users/franc/OneDrive/Escritorio/Arquitectura/UnidadProcesadora/UnidadProcesadora.sv Line: 9
Warning (10236): Verilog HDL Implicit Net warning at UnidadProcesadora.sv(10): created implicit net for "busB" File: C:/Users/franc/OneDrive/Escritorio/Arquitectura/UnidadProcesadora/UnidadProcesadora.sv Line: 10
Warning (10236): Verilog HDL Implicit Net warning at UnidadProcesadora.sv(12): created implicit net for "ALU_out" File: C:/Users/franc/OneDrive/Escritorio/Arquitectura/UnidadProcesadora/UnidadProcesadora.sv Line: 12
Warning (10236): Verilog HDL Implicit Net warning at UnidadProcesadora.sv(13): created implicit net for "flags" File: C:/Users/franc/OneDrive/Escritorio/Arquitectura/UnidadProcesadora/UnidadProcesadora.sv Line: 13
Info (12127): Elaborating entity "UnidadProcesadora" for the top level hierarchy
Warning (10034): Output port "stateBits" at UnidadProcesadora.sv(5) has no driver File: C:/Users/franc/OneDrive/Escritorio/Arquitectura/UnidadProcesadora/UnidadProcesadora.sv Line: 5
Info (12128): Elaborating entity "Alu" for hierarchy "Alu:alu_instancia" File: C:/Users/franc/OneDrive/Escritorio/Arquitectura/UnidadProcesadora/UnidadProcesadora.sv Line: 14
Info (12128): Elaborating entity "Shifter" for hierarchy "Shifter:shifter_instancia" File: C:/Users/franc/OneDrive/Escritorio/Arquitectura/UnidadProcesadora/UnidadProcesadora.sv Line: 20
Info (12128): Elaborating entity "RamPort" for hierarchy "RamPort:ram_instancia" File: C:/Users/franc/OneDrive/Escritorio/Arquitectura/UnidadProcesadora/UnidadProcesadora.sv Line: 31
Info (276014): Found 1 instances of uninferred RAM logic
    Info (276004): RAM logic "RamPort:ram_instancia|mem" is uninferred due to inappropriate RAM size File: C:/Users/franc/OneDrive/Escritorio/Arquitectura/UnidadProcesadora/UnidadProcesadora.sv Line: 42
Warning (12241): 3 hierarchies have connectivity warnings - see the Connectivity Checks report folder
Warning (13024): Output pins are stuck at VCC or GND
    Warning (13410): Pin "stateBits[0]" is stuck at GND File: C:/Users/franc/OneDrive/Escritorio/Arquitectura/UnidadProcesadora/UnidadProcesadora.sv Line: 5
    Warning (13410): Pin "stateBits[1]" is stuck at GND File: C:/Users/franc/OneDrive/Escritorio/Arquitectura/UnidadProcesadora/UnidadProcesadora.sv Line: 5
    Warning (13410): Pin "stateBits[2]" is stuck at GND File: C:/Users/franc/OneDrive/Escritorio/Arquitectura/UnidadProcesadora/UnidadProcesadora.sv Line: 5
    Warning (13410): Pin "stateBits[3]" is stuck at GND File: C:/Users/franc/OneDrive/Escritorio/Arquitectura/UnidadProcesadora/UnidadProcesadora.sv Line: 5
    Warning (13410): Pin "DATA_out[2]" is stuck at GND File: C:/Users/franc/OneDrive/Escritorio/Arquitectura/UnidadProcesadora/UnidadProcesadora.sv Line: 6
Info (286030): Timing-Driven Synthesis is running
Info (17049): 48 registers lost all their fanouts during netlist optimizations.
Info (16010): Generating hard_block partition "hard_block:auto_generated_inst"
    Info (16011): Adding 0 node(s), including 0 DDIO, 0 PLL, 0 transceiver and 0 LCELL
Warning (21074): Design contains 8 input pin(s) that do not drive logic
    Warning (15610): No output dependent on input pin "DATA_in[0]" File: C:/Users/franc/OneDrive/Escritorio/Arquitectura/UnidadProcesadora/UnidadProcesadora.sv Line: 4
    Warning (15610): No output dependent on input pin "DATA_in[1]" File: C:/Users/franc/OneDrive/Escritorio/Arquitectura/UnidadProcesadora/UnidadProcesadora.sv Line: 4
    Warning (15610): No output dependent on input pin "DATA_in[2]" File: C:/Users/franc/OneDrive/Escritorio/Arquitectura/UnidadProcesadora/UnidadProcesadora.sv Line: 4
    Warning (15610): No output dependent on input pin "DATA_in[3]" File: C:/Users/franc/OneDrive/Escritorio/Arquitectura/UnidadProcesadora/UnidadProcesadora.sv Line: 4
    Warning (15610): No output dependent on input pin "ctrl_word[8]" File: C:/Users/franc/OneDrive/Escritorio/Arquitectura/UnidadProcesadora/UnidadProcesadora.sv Line: 3
    Warning (15610): No output dependent on input pin "ctrl_word[9]" File: C:/Users/franc/OneDrive/Escritorio/Arquitectura/UnidadProcesadora/UnidadProcesadora.sv Line: 3
    Warning (15610): No output dependent on input pin "ctrl_word[10]" File: C:/Users/franc/OneDrive/Escritorio/Arquitectura/UnidadProcesadora/UnidadProcesadora.sv Line: 3
    Warning (15610): No output dependent on input pin "ctrl_word[11]" File: C:/Users/franc/OneDrive/Escritorio/Arquitectura/UnidadProcesadora/UnidadProcesadora.sv Line: 3
Info (21057): Implemented 75 device resources after synthesis - the final resource count might be different
    Info (21058): Implemented 21 input pins
    Info (21059): Implemented 8 output pins
    Info (21061): Implemented 46 logic cells
Info: Quartus Prime Analysis & Synthesis was successful. 0 errors, 23 warnings
    Info: Peak virtual memory: 4801 megabytes
    Info: Processing ended: Thu Sep 21 20:31:35 2023
    Info: Elapsed time: 00:00:13
    Info: Total CPU time (on all processors): 00:00:16


